Watcher 36839
Watcher 36839
Watcher 36864
Watcher 36864
Importing gp/import/minijson-1.0.0.unitypackage
Moved it to gp/import/minijson-1.0.0.unitypackage.importing
Moving to gp/import/minijson-1.0.0.unitypackage.completed
Importing gp/import/minijson-1.0.0.unitypackage
Moved it to gp/import/minijson-1.0.0.unitypackage.importing
Moving to gp/import/minijson-1.0.0.unitypackage.completed
Watcher 36864
Importing gp/import/minijson-1.1.0.unitypackage
Moved it to gp/import/minijson-1.1.0.unitypackage.importing
Moving to gp/import/minijson-1.1.0.unitypackage.completed
Watcher 36864
Watcher 36864
Watcher 37384
Watcher 37384
Watcher 37419
Watcher 37419
Watcher 37419
Importing gp/import/minijson-1.1.0.unitypackage
Moved it to gp/import/minijson-1.1.0.unitypackage.importing
Moving to gp/import/minijson-1.1.0.unitypackage.completed
Importing gp/import/minijson-1.1.0.unitypackage
Moved it to gp/import/minijson-1.1.0.unitypackage.importing
Moving to gp/import/minijson-1.1.0.unitypackage.completed
Watcher 37419
Importing gp/import/getpack2277064419846644517.unitypackage
Moved it to gp/import/getpack2277064419846644517.unitypackage.importing
Moving to gp/import/getpack2277064419846644517.unitypackage.completed
Watcher 37419
Watcher 37419
Watcher 37999
Watcher 37999
Watcher 37999
Importing gp/import/funmaker-1.0.0.unitypackage
Moved it to gp/import/funmaker-1.0.0.unitypackage.importing
Moving to gp/import/funmaker-1.0.0.unitypackage.completed
Importing gp/import/minijson-1.1.0.unitypackage
Moved it to gp/import/minijson-1.1.0.unitypackage.importing
Moving to gp/import/minijson-1.1.0.unitypackage.completed
Importing gp/import/minijson-1.1.0.unitypackage
Moved it to gp/import/minijson-1.1.0.unitypackage.importing
Moving to gp/import/minijson-1.1.0.unitypackage.completed
Importing gp/import/android-support-22.0.0.unitypackage
Moved it to gp/import/android-support-22.0.0.unitypackage.importing
Moving to gp/import/android-support-22.0.0.unitypackage.completed
Watcher 37999
Importing gp/import/getpack1843153932035909270.unitypackage
Moved it to gp/import/getpack1843153932035909270.unitypackage.importing
Moving to gp/import/getpack1843153932035909270.unitypackage.completed
Watcher 37999
Watcher 37999
Importing gp/import/funmaker-1.0.0.unitypackage
Moved it to gp/import/funmaker-1.0.0.unitypackage.importing
Moving to gp/import/funmaker-1.0.0.unitypackage.completed
Watcher 37999
Importing gp/import/getpack4830445116530854095.unitypackage
Moved it to gp/import/getpack4830445116530854095.unitypackage.importing
Moving to gp/import/getpack4830445116530854095.unitypackage.completed
Importing gp/import/android-support-22.0.0.unitypackage
Moved it to gp/import/android-support-22.0.0.unitypackage.importing
Watcher 37999
Importing gp/import/funmaker-1.0.0.unitypackage
Moved it to gp/import/funmaker-1.0.0.unitypackage.importing
Moving to gp/import/funmaker-1.0.0.unitypackage.completed
Importing gp/import/getpack5440505941245862381.unitypackage
Moved it to gp/import/getpack5440505941245862381.unitypackage.importing
Moving to gp/import/getpack5440505941245862381.unitypackage.completed
Importing gp/import/android-support-22.0.0.unitypackage
Moved it to gp/import/android-support-22.0.0.unitypackage.importing
Moving to gp/import/android-support-22.0.0.unitypackage.completed
Watcher 37999
Importing gp/import/funmaker-1.0.0.unitypackage
Moved it to gp/import/funmaker-1.0.0.unitypackage.importing
Moving to gp/import/funmaker-1.0.0.unitypackage.completed
Importing gp/import/minijson-1.1.0.unitypackage
Moved it to gp/import/minijson-1.1.0.unitypackage.importing
Moving to gp/import/minijson-1.1.0.unitypackage.completed
Importing gp/import/minijson-1.1.0.unitypackage
Moved it to gp/import/minijson-1.1.0.unitypackage.importing
Moving to gp/import/minijson-1.1.0.unitypackage.completed
Importing gp/import/android-support-22.0.0.unitypackage
Moved it to gp/import/android-support-22.0.0.unitypackage.importing
Moving to gp/import/android-support-22.0.0.unitypackage.completed
Watcher 37999
Watcher 37999
Importing gp/import/minijson-1.0.0.unitypackage
Moved it to gp/import/minijson-1.0.0.unitypackage.importing
Moving to gp/import/minijson-1.0.0.unitypackage.completed
Importing gp/import/minijson-1.0.0.unitypackage
Moved it to gp/import/minijson-1.0.0.unitypackage.importing
Moving to gp/import/minijson-1.0.0.unitypackage.completed
Watcher 37999
Watcher 37999
Importing gp/import/minijson-1.0.0.unitypackage
Moved it to gp/import/minijson-1.0.0.unitypackage.importing
Moving to gp/import/minijson-1.0.0.unitypackage.completed
Importing gp/import/minijson-1.0.0.unitypackage
Moved it to gp/import/minijson-1.0.0.unitypackage.importing
Moving to gp/import/minijson-1.0.0.unitypackage.completed
Importing gp/import/minijson-1.0.0.unitypackage
Moved it to gp/import/minijson-1.0.0.unitypackage.importing
Watcher 37999
Watcher 37999
